site/content/pkf/11/propaganda-pitaniya/propaganda-pitaniya.pdf
site/content/pkf/11/sdelano-na-sovest/sdelano-na-sovest.pdf
site/content/pkf/11/vosem-osnov/vosem-osnov.pdf
site/content/pkf/11/vospitanie/vospitanie.pdf
site/content/pkf/12/psihologiya/psihologiya.pdf
site/content/pkf/12/racion/racion.pdf
site/content/pkf/12/raznoglasnoe-sostoyanie/raznoglasnoe-sostoyanie.pdf
site/content/pkf/12/siroedenie/siroedenie.pdf
site/content/pkf/12/zdoroviy-chelovek/zdoroviy-chelovek.pdf
site/content/pkf/13/psihodinamika-puti/psihodinamika-puti.pdf
site/content/pkf/13/sharp/sharp.pdf
site/content/pkf/13/supersistemy/supersistemy.pdf
site/content/pkf/14/allatr/allatr.pdf
site/content/pkf/14/film/film.pdf
site/content/pkf/14/kinocenzor/kinocenzor.pdf
site/content/pkf/14/kinouroki/kinouroki.pdf
site/content/pkf/14/new-kultura/new-kultura.pdf
site/content/pkf/14/slova/slova.pdf
site/content/pkf/15/project-obrazovanie/project-obrazovanie.pdf
site/content/pkf/15/self-knowledge-school/self-knowledge-school.pdf
site/content/pkf/15/upgrowth-system/upgrowh-system.pdf
site/content/pkf/16/russian-world/russian-world.pdf
site/content/pkf/17/about-alcohol/about-alcohol.pdf
site/content/pkf/17/amrita_2/amrita_2.pdf
site/content/pkf/17/amrita/amrita.pdf
site/content/pkf/17/escape-from-addiction-maze/escape-from-addiction-maze.pdf
site/content/pkf/17/how-to-set-up-habit/how-to-set-up-habit.pdf
site/content/pkf/17/running-is-base-of-health/running-is-base-of-health.pdf
site/content/pkf/18/amrita-3/amrita-3.pdf
site/content/pkf/18/cooperation/cooperation.pdf
site/content/pkf/18/digital-platform/digital-platform.pdf
site/content/pkf/18/future-culture/future-culture.pdf
site/content/pkf/18/open-noospheric-systems/open-noospheric-systems.pdf
site/content/pkf/18/territory-development/territory-development.pdf
site/content/pkf/19/agriculture-in-newtype-settlement/agriculture-in-newtype-settlement.pdf
site/content/pkf/19/community-settlements/community-settlements.pdf
site/content/pkf/19/creating-sustainable-growth-territories/creating-sustainable-growth-territories.pdf
site/content/pkf/19/ecosettlement-concept/ecosettlement-concept.pdf
site/content/pkf/19/forest-gardens/forest-gardens.pdf
site/content/pkf/19/natural-landscape-design/natural-landscape-design.pdf
site/content/pkf/19/raiar/raiar.pdf
site/content/pkf/1/culture/culture.pdf
site/content/pkf/1/idea/idea.pdf
site/content/pkf/1/methodology/methodology.pdf
site/content/pkf/1/reform/reform.pdf
site/content/pkf/20/ai-introduction/ai-introduction.pdf
site/content/pkf/21/7-steps-of-man-evolution/7-steps-of-man-evolution.pdf
site/content/pkf/21/base-man-needs-pyramid/base-man-needs-pyramid.pdf
site/content/pkf/21/digital-pushkin/digital-pushkin.pdf
site/content/pkf/21/mankind-development-logic/mankind-development-logic.pdf
site/content/pkf/21/ruset/ruset.pdf
site/content/pkf/22/bull-hour/bull-hour.pdf
site/content/pkf/2/documentary/documentary.pdf
site/content/pkf/2/europe/europe.pdf
site/content/pkf/2/finance/finance.pdf
site/content/pkf/2/matrix/matrix.pdf
site/content/pkf/2/public-institutions/public-institutions.pdf
site/content/pkf/2/self-development/self-development.pdf
site/content/pkf/3/inaya-shkola/inaya-shkola.pdf
site/content/pkf/3/kino/kino.pdf
site/content/pkf/4/chelovechnost/chelovechnost.pdf
site/content/pkf/4/nedolublenie/nedolublenie.pdf
site/content/pkf/4/obraz-budush/obraz-budush.pdf
site/content/pkf/4/voina/voina.pdf
site/content/pkf/5/creative/creative.pdf
site/content/pkf/5/memory/memory.pdf
site/content/pkf/5/read/read.pdf
site/content/pkf/6/dialog/dialog.pdf
site/content/pkf/6/education-1/education-1.pdf
site/content/pkf/6/tobacco/tobacco.pdf
site/content/pkf/6/town/town.pdf
site/content/pkf/7/dotu/dotu.pdf
site/content/pkf/7/shkola/shkola.pdf
site/content/pkf/7/storoniki-kob/storoniki-kob.pdf
site/content/pkf/9/education/education.pdf
site/content/pkf/9/schools/schools.pdf
site/public/pkf/11/propaganda-pitaniya/propaganda-pitaniya.pdf
site/public/pkf/11/sdelano-na-sovest/sdelano-na-sovest.pdf
site/public/pkf/11/vosem-osnov/vosem-osnov.pdf
site/public/pkf/11/vospitanie/vospitanie.pdf
site/public/pkf/12/psihologiya/psihologiya.pdf
site/public/pkf/12/racion/racion.pdf
site/public/pkf/12/raznoglasnoe-sostoyanie/raznoglasnoe-sostoyanie.pdf
site/public/pkf/12/siroedenie/siroedenie.pdf
site/public/pkf/12/zdoroviy-chelovek/zdoroviy-chelovek.pdf
site/public/pkf/13/psihodinamika-puti/psihodinamika-puti.pdf
site/public/pkf/13/sharp/sharp.pdf
site/public/pkf/13/supersistemy/supersistemy.pdf
site/public/pkf/14/allatr/allatr.pdf
site/public/pkf/14/film/film.pdf
site/public/pkf/14/kinocenzor/kinocenzor.pdf
site/public/pkf/14/kinouroki/kinouroki.pdf
site/public/pkf/14/new-kultura/new-kultura.pdf
site/public/pkf/14/slova/slova.pdf
site/public/pkf/15/project-obrazovanie/project-obrazovanie.pdf
site/public/pkf/15/self-knowledge-school/self-knowledge-school.pdf
site/public/pkf/15/upgrowth-system/upgrowh-system.pdf
site/public/pkf/16/russian-world/russian-world.pdf
site/public/pkf/17/about-alcohol/about-alcohol.pdf
site/public/pkf/17/amrita_2/amrita_2.pdf
site/public/pkf/17/amrita/amrita.pdf
site/public/pkf/17/escape-from-addiction-maze/escape-from-addiction-maze.pdf
site/public/pkf/17/how-to-set-up-habit/how-to-set-up-habit.pdf
site/public/pkf/17/running-is-base-of-health/running-is-base-of-health.pdf
site/public/pkf/18/amrita-3/amrita-3.pdf
site/public/pkf/18/cooperation/cooperation.pdf
site/public/pkf/18/digital-platform/digital-platform.pdf
site/public/pkf/18/future-culture/future-culture.pdf
site/public/pkf/18/open-noospheric-systems/open-noospheric-systems.pdf
site/public/pkf/18/territory-development/territory-development.pdf
site/public/pkf/19/agriculture-in-newtype-settlement/agriculture-in-newtype-settlement.pdf
site/public/pkf/19/community-settlements/community-settlements.pdf
site/public/pkf/19/creating-sustainable-growth-territories/creating-sustainable-growth-territories.pdf
site/public/pkf/19/ecosettlement-concept/ecosettlement-concept.pdf
site/public/pkf/19/forest-gardens/forest-gardens.pdf
site/public/pkf/19/natural-landscape-design/natural-landscape-design.pdf
site/public/pkf/19/raiar/raiar.pdf
site/public/pkf/1/culture/culture.pdf
site/public/pkf/1/idea/idea.pdf
site/public/pkf/1/methodology/methodology.pdf
site/public/pkf/1/reform/reform.pdf
site/public/pkf/20/ai-introduction/ai-introduction.pdf
site/public/pkf/21/7-steps-of-man-evolution/7-steps-of-man-evolution.pdf
site/public/pkf/21/base-man-needs-pyramid/base-man-needs-pyramid.pdf
site/public/pkf/21/digital-pushkin/digital-pushkin.pdf
site/public/pkf/21/mankind-development-logic/mankind-development-logic.pdf
site/public/pkf/21/ruset/ruset.pdf
site/public/pkf/22/bull-hour/bull-hour.pdf
site/public/pkf/2/documentary/documentary.pdf
site/public/pkf/2/europe/europe.pdf
site/public/pkf/2/finance/finance.pdf
site/public/pkf/2/matrix/matrix.pdf
site/public/pkf/2/public-institutions/public-institutions.pdf
site/public/pkf/2/self-development/self-development.pdf
site/public/pkf/3/inaya-shkola/inaya-shkola.pdf
site/public/pkf/3/kino/kino.pdf
site/public/pkf/4/chelovechnost/chelovechnost.pdf
site/public/pkf/4/nedolublenie/nedolublenie.pdf
site/public/pkf/4/obraz-budush/obraz-budush.pdf
site/public/pkf/4/voina/voina.pdf
site/public/pkf/5/creative/creative.pdf
site/public/pkf/5/memory/memory.pdf
site/public/pkf/5/read/read.pdf
site/public/pkf/6/dialog/dialog.pdf
site/public/pkf/6/education-1/education-1.pdf
site/public/pkf/6/tobacco/tobacco.pdf
site/public/pkf/6/town/town.pdf
site/public/pkf/7/dotu/dotu.pdf
site/public/pkf/7/shkola/shkola.pdf
site/public/pkf/7/storoniki-kob/storoniki-kob.pdf
site/public/pkf/9/education/education.pdf
site/public/pkf/9/schools/schools.pdf
